#
# This file is autogenerated by pip-compile with Python 3.10
# by the following command:
#
#    pip-compile --extra=rabbitmq --output-file=dependencies-rabbitmq.log
#
certifi==2023.5.7
    # via requests
charset-normalizer==3.2.0
    # via requests
idna==3.4
    # via requests
pika==1.3.2
    # via oms-mqclient (setup.py)
requests==2.31.0
    # via wipac-dev-tools
typing-extensions==4.7.1
    # via wipac-dev-tools
urllib3==2.0.3
    # via requests
wipac-dev-tools==1.6.16
    # via oms-mqclient (setup.py)
