#
# This file is autogenerated by pip-compile with Python 3.11
# by the following command:
#
#    pip-compile --extra=nats --output-file=dependencies-nats.log
#
certifi==2023.7.22
    # via requests
charset-normalizer==3.3.0
    # via requests
ed25519==1.5
    # via nkeys
idna==3.4
    # via requests
nats-py[nkeys]==2.4.0
    # via oms-mqclient (setup.py)
nkeys==0.1.0
    # via nats-py
requests==2.31.0
    # via wipac-dev-tools
typing-extensions==4.8.0
    # via wipac-dev-tools
urllib3==2.0.6
    # via requests
wipac-dev-tools==1.7.0
    # via oms-mqclient (setup.py)
