#
# This file was autogenerated by WIPACrepo/wipac-dev-py-setup-action
#   from `pip install .[all]`
#   using Python 3.11.
#
########################################################################
#  pip freeze
########################################################################
certifi==2025.1.31
cffi==1.17.1
charset-normalizer==3.4.1
idna==3.10
nats-py==2.9.0
nkeys==0.2.1
pika==1.3.2
pulsar-client==3.6.0
pycparser==2.22
PyNaCl==1.5.0
requests==2.32.3
typing_extensions==4.12.2
urllib3==2.3.0
wipac-dev-tools==1.15.6
zstd==1.5.6.6
########################################################################
#  pipdeptree
########################################################################
nats-py==2.9.0
nkeys==0.2.1
└── PyNaCl [required: Any, installed: 1.5.0]
    └── cffi [required: >=1.4.1, installed: 1.17.1]
        └── pycparser [required: Any, installed: 2.22]
oms-mqclient
├── wipac-dev-tools [required: Any, installed: 1.15.6]
│   ├── requests [required: Any, installed: 2.32.3]
│   │   ├── certifi [required: >=2017.4.17, installed: 2025.1.31]
│   │   ├── charset-normalizer [required: >=2,<4, installed: 3.4.1]
│   │   ├── idna [required: >=2.5,<4, installed: 3.10]
│   │   └── urllib3 [required: >=1.21.1,<3, installed: 2.3.0]
│   └── typing_extensions [required: Any, installed: 4.12.2]
└── zstd [required: Any, installed: 1.5.6.6]
pika==1.3.2
pipdeptree==2.25.0
├── packaging [required: >=24.1, installed: 24.2]
└── pip [required: >=24.2, installed: 25.0.1]
pulsar-client==3.6.0
└── certifi [required: Any, installed: 2025.1.31]
setuptools==65.5.1
wheel==0.45.1
