#
# This file was autogenerated by WIPACrepo/wipac-dev-py-setup-action
#   from `pip install .[integration]`
#   using Python 3.11.
#
########################################################################
#  pip freeze
########################################################################
aio-pika==9.4.0
aiormq==6.8.0
cachetools==5.3.3
certifi==2024.2.2
cffi==1.16.0
charset-normalizer==3.3.2
cryptography==42.0.5
dnspython==2.6.1
execnet==2.0.2
idna==3.6
iniconfig==2.0.0
ldap3==2.9.1
motor==3.3.2
multidict==6.0.5
packaging==24.0
pamqp==3.3.0
pluggy==1.4.0
pyasn1==0.5.1
pycparser==2.21
PyJWT==2.8.0
pymongo==4.6.2
pypng==0.20220715.0
pytest==8.1.1
pytest-xdist==3.5.0
qrcode==7.4.2
requests==2.31.0
requests-futures==1.0.1
tornado==6.4
typing_extensions==4.10.0
Unidecode==1.3.8
urllib3==2.2.1
wipac-dev-tools==1.9.1
wipac-keycloak-rest-services==1.4.65
wipac-rest-tools==1.6.1
yarl==1.9.4
########################################################################
#  pipdeptree
########################################################################
cryptography==42.0.5
└── cffi [required: >=1.12, installed: 1.16.0]
    └── pycparser [required: Any, installed: 2.21]
oms-mqclient
└── wipac-dev-tools [required: Any, installed: 1.9.1]
    ├── requests [required: Any, installed: 2.31.0]
    │   ├── certifi [required: >=2017.4.17, installed: 2024.2.2]
    │   ├── charset-normalizer [required: >=2,<4, installed: 3.3.2]
    │   ├── idna [required: >=2.5,<4, installed: 3.6]
    │   └── urllib3 [required: >=1.21.1,<3, installed: 2.2.1]
    └── typing_extensions [required: Any, installed: 4.10.0]
pip==24.0
pipdeptree==2.16.1
pytest-xdist==3.5.0
├── execnet [required: >=1.1, installed: 2.0.2]
└── pytest [required: >=6.2.0, installed: 8.1.1]
    ├── iniconfig [required: Any, installed: 2.0.0]
    ├── packaging [required: Any, installed: 24.0]
    └── pluggy [required: >=1.4,<2.0, installed: 1.4.0]
setuptools==65.5.1
wheel==0.42.0
wipac-keycloak-rest-services==1.4.65
├── aio-pika [required: Any, installed: 9.4.0]
│   ├── aiormq [required: >=6.8.0,<6.9.0, installed: 6.8.0]
│   │   ├── pamqp [required: ==3.3.0, installed: 3.3.0]
│   │   └── yarl [required: Any, installed: 1.9.4]
│   │       ├── idna [required: >=2.0, installed: 3.6]
│   │       └── multidict [required: >=4.0, installed: 6.0.5]
│   └── yarl [required: Any, installed: 1.9.4]
│       ├── idna [required: >=2.0, installed: 3.6]
│       └── multidict [required: >=4.0, installed: 6.0.5]
├── ldap3 [required: Any, installed: 2.9.1]
│   └── pyasn1 [required: >=0.4.6, installed: 0.5.1]
├── motor [required: Any, installed: 3.3.2]
│   └── pymongo [required: >=4.5,<5, installed: 4.6.2]
│       └── dnspython [required: >=1.16.0,<3.0.0, installed: 2.6.1]
├── requests [required: Any, installed: 2.31.0]
│   ├── certifi [required: >=2017.4.17, installed: 2024.2.2]
│   ├── charset-normalizer [required: >=2,<4, installed: 3.3.2]
│   ├── idna [required: >=2.5,<4, installed: 3.6]
│   └── urllib3 [required: >=1.21.1,<3, installed: 2.2.1]
├── Unidecode [required: Any, installed: 1.3.8]
├── wipac-dev-tools [required: Any, installed: 1.9.1]
│   ├── requests [required: Any, installed: 2.31.0]
│   │   ├── certifi [required: >=2017.4.17, installed: 2024.2.2]
│   │   ├── charset-normalizer [required: >=2,<4, installed: 3.3.2]
│   │   ├── idna [required: >=2.5,<4, installed: 3.6]
│   │   └── urllib3 [required: >=1.21.1,<3, installed: 2.2.1]
│   └── typing_extensions [required: Any, installed: 4.10.0]
└── wipac-rest-tools [required: Any, installed: 1.6.1]
    ├── cachetools [required: Any, installed: 5.3.3]
    ├── PyJWT [required: !=2.6.0, installed: 2.8.0]
    ├── qrcode [required: Any, installed: 7.4.2]
    │   ├── pypng [required: Any, installed: 0.20220715.0]
    │   └── typing_extensions [required: Any, installed: 4.10.0]
    ├── requests [required: Any, installed: 2.31.0]
    │   ├── certifi [required: >=2017.4.17, installed: 2024.2.2]
    │   ├── charset-normalizer [required: >=2,<4, installed: 3.3.2]
    │   ├── idna [required: >=2.5,<4, installed: 3.6]
    │   └── urllib3 [required: >=1.21.1,<3, installed: 2.2.1]
    ├── requests-futures [required: Any, installed: 1.0.1]
    │   └── requests [required: >=1.2.0, installed: 2.31.0]
    │       ├── certifi [required: >=2017.4.17, installed: 2024.2.2]
    │       ├── charset-normalizer [required: >=2,<4, installed: 3.3.2]
    │       ├── idna [required: >=2.5,<4, installed: 3.6]
    │       └── urllib3 [required: >=1.21.1,<3, installed: 2.2.1]
    ├── tornado [required: Any, installed: 6.4]
    ├── urllib3 [required: >=2.0.4, installed: 2.2.1]
    └── wipac-dev-tools [required: Any, installed: 1.9.1]
        ├── requests [required: Any, installed: 2.31.0]
        │   ├── certifi [required: >=2017.4.17, installed: 2024.2.2]
        │   ├── charset-normalizer [required: >=2,<4, installed: 3.3.2]
        │   ├── idna [required: >=2.5,<4, installed: 3.6]
        │   └── urllib3 [required: >=1.21.1,<3, installed: 2.2.1]
        └── typing_extensions [required: Any, installed: 4.10.0]
