#
# This file was autogenerated by WIPACrepo/wipac-dev-py-setup-action
#   from `pip install .[telemetry]`
#   using Python 3.11.
#
########################################################################
#  pip freeze
########################################################################
certifi==2024.6.2
charset-normalizer==3.3.2
coloredlogs==15.0.1
Deprecated==1.2.14
googleapis-common-protos==1.59.1
grpcio==1.64.1
humanfriendly==10.0
idna==3.7
importlib_metadata==7.1.0
opentelemetry-api==1.25.0
opentelemetry-exporter-jaeger==1.21.0
opentelemetry-exporter-jaeger-proto-grpc==1.21.0
opentelemetry-exporter-jaeger-thrift==1.21.0
opentelemetry-exporter-otlp-proto-common==1.25.0
opentelemetry-exporter-otlp-proto-http==1.25.0
opentelemetry-proto==1.25.0
opentelemetry-sdk==1.25.0
opentelemetry-semantic-conventions==0.46b0
protobuf==4.25.3
requests==2.32.3
six==1.16.0
thrift==0.20.0
typing_extensions==4.12.2
urllib3==2.2.2
wipac-dev-tools==1.10.6
wipac-telemetry==0.3.0
wrapt==1.16.0
zipp==3.19.2
########################################################################
#  pipdeptree
########################################################################
oms-mqclient
└── wipac-dev-tools [required: Any, installed: 1.10.6]
    ├── requests [required: Any, installed: 2.32.3]
    │   ├── certifi [required: >=2017.4.17, installed: 2024.6.2]
    │   ├── charset-normalizer [required: >=2,<4, installed: 3.3.2]
    │   ├── idna [required: >=2.5,<4, installed: 3.7]
    │   └── urllib3 [required: >=1.21.1,<3, installed: 2.2.2]
    └── typing_extensions [required: Any, installed: 4.12.2]
pipdeptree==2.23.0
├── packaging [required: >=23.1, installed: 24.1]
└── pip [required: >=23.1.2, installed: 24.0]
setuptools==65.5.1
wheel==0.43.0
wipac-telemetry==0.3.0
├── coloredlogs [required: Any, installed: 15.0.1]
│   └── humanfriendly [required: >=9.1, installed: 10.0]
├── opentelemetry-api [required: Any, installed: 1.25.0]
│   ├── Deprecated [required: >=1.2.6, installed: 1.2.14]
│   │   └── wrapt [required: >=1.10,<2, installed: 1.16.0]
│   └── importlib_metadata [required: >=6.0,<=7.1, installed: 7.1.0]
│       └── zipp [required: >=0.5, installed: 3.19.2]
├── opentelemetry-exporter-jaeger [required: Any, installed: 1.21.0]
│   ├── opentelemetry-exporter-jaeger-proto-grpc [required: ==1.21.0, installed: 1.21.0]
│   │   ├── googleapis-common-protos [required: ~=1.52,<1.60.0, installed: 1.59.1]
│   │   │   └── protobuf [required: >=3.19.5,<5.0.0.dev0,!=4.21.5,!=4.21.4,!=4.21.3,!=4.21.2,!=4.21.1,!=3.20.1,!=3.20.0, installed: 4.25.3]
│   │   ├── grpcio [required: >=1.0.0,<2.0.0, installed: 1.64.1]
│   │   ├── opentelemetry-api [required: ~=1.3, installed: 1.25.0]
│   │   │   ├── Deprecated [required: >=1.2.6, installed: 1.2.14]
│   │   │   │   └── wrapt [required: >=1.10,<2, installed: 1.16.0]
│   │   │   └── importlib_metadata [required: >=6.0,<=7.1, installed: 7.1.0]
│   │   │       └── zipp [required: >=0.5, installed: 3.19.2]
│   │   └── opentelemetry-sdk [required: ~=1.11, installed: 1.25.0]
│   │       ├── opentelemetry-api [required: ==1.25.0, installed: 1.25.0]
│   │       │   ├── Deprecated [required: >=1.2.6, installed: 1.2.14]
│   │       │   │   └── wrapt [required: >=1.10,<2, installed: 1.16.0]
│   │       │   └── importlib_metadata [required: >=6.0,<=7.1, installed: 7.1.0]
│   │       │       └── zipp [required: >=0.5, installed: 3.19.2]
│   │       ├── opentelemetry-semantic-conventions [required: ==0.46b0, installed: 0.46b0]
│   │       │   └── opentelemetry-api [required: ==1.25.0, installed: 1.25.0]
│   │       │       ├── Deprecated [required: >=1.2.6, installed: 1.2.14]
│   │       │       │   └── wrapt [required: >=1.10,<2, installed: 1.16.0]
│   │       │       └── importlib_metadata [required: >=6.0,<=7.1, installed: 7.1.0]
│   │       │           └── zipp [required: >=0.5, installed: 3.19.2]
│   │       └── typing_extensions [required: >=3.7.4, installed: 4.12.2]
│   └── opentelemetry-exporter-jaeger-thrift [required: ==1.21.0, installed: 1.21.0]
│       ├── opentelemetry-api [required: ~=1.3, installed: 1.25.0]
│       │   ├── Deprecated [required: >=1.2.6, installed: 1.2.14]
│       │   │   └── wrapt [required: >=1.10,<2, installed: 1.16.0]
│       │   └── importlib_metadata [required: >=6.0,<=7.1, installed: 7.1.0]
│       │       └── zipp [required: >=0.5, installed: 3.19.2]
│       ├── opentelemetry-sdk [required: ~=1.11, installed: 1.25.0]
│       │   ├── opentelemetry-api [required: ==1.25.0, installed: 1.25.0]
│       │   │   ├── Deprecated [required: >=1.2.6, installed: 1.2.14]
│       │   │   │   └── wrapt [required: >=1.10,<2, installed: 1.16.0]
│       │   │   └── importlib_metadata [required: >=6.0,<=7.1, installed: 7.1.0]
│       │   │       └── zipp [required: >=0.5, installed: 3.19.2]
│       │   ├── opentelemetry-semantic-conventions [required: ==0.46b0, installed: 0.46b0]
│       │   │   └── opentelemetry-api [required: ==1.25.0, installed: 1.25.0]
│       │   │       ├── Deprecated [required: >=1.2.6, installed: 1.2.14]
│       │   │       │   └── wrapt [required: >=1.10,<2, installed: 1.16.0]
│       │   │       └── importlib_metadata [required: >=6.0,<=7.1, installed: 7.1.0]
│       │   │           └── zipp [required: >=0.5, installed: 3.19.2]
│       │   └── typing_extensions [required: >=3.7.4, installed: 4.12.2]
│       └── thrift [required: >=0.10.0, installed: 0.20.0]
│           └── six [required: >=1.7.2, installed: 1.16.0]
├── opentelemetry-exporter-otlp-proto-http [required: Any, installed: 1.25.0]
│   ├── Deprecated [required: >=1.2.6, installed: 1.2.14]
│   │   └── wrapt [required: >=1.10,<2, installed: 1.16.0]
│   ├── googleapis-common-protos [required: ~=1.52, installed: 1.59.1]
│   │   └── protobuf [required: >=3.19.5,<5.0.0.dev0,!=4.21.5,!=4.21.4,!=4.21.3,!=4.21.2,!=4.21.1,!=3.20.1,!=3.20.0, installed: 4.25.3]
│   ├── opentelemetry-api [required: ~=1.15, installed: 1.25.0]
│   │   ├── Deprecated [required: >=1.2.6, installed: 1.2.14]
│   │   │   └── wrapt [required: >=1.10,<2, installed: 1.16.0]
│   │   └── importlib_metadata [required: >=6.0,<=7.1, installed: 7.1.0]
│   │       └── zipp [required: >=0.5, installed: 3.19.2]
│   ├── opentelemetry-exporter-otlp-proto-common [required: ==1.25.0, installed: 1.25.0]
│   │   └── opentelemetry-proto [required: ==1.25.0, installed: 1.25.0]
│   │       └── protobuf [required: >=3.19,<5.0, installed: 4.25.3]
│   ├── opentelemetry-proto [required: ==1.25.0, installed: 1.25.0]
│   │   └── protobuf [required: >=3.19,<5.0, installed: 4.25.3]
│   ├── opentelemetry-sdk [required: ~=1.25.0, installed: 1.25.0]
│   │   ├── opentelemetry-api [required: ==1.25.0, installed: 1.25.0]
│   │   │   ├── Deprecated [required: >=1.2.6, installed: 1.2.14]
│   │   │   │   └── wrapt [required: >=1.10,<2, installed: 1.16.0]
│   │   │   └── importlib_metadata [required: >=6.0,<=7.1, installed: 7.1.0]
│   │   │       └── zipp [required: >=0.5, installed: 3.19.2]
│   │   ├── opentelemetry-semantic-conventions [required: ==0.46b0, installed: 0.46b0]
│   │   │   └── opentelemetry-api [required: ==1.25.0, installed: 1.25.0]
│   │   │       ├── Deprecated [required: >=1.2.6, installed: 1.2.14]
│   │   │       │   └── wrapt [required: >=1.10,<2, installed: 1.16.0]
│   │   │       └── importlib_metadata [required: >=6.0,<=7.1, installed: 7.1.0]
│   │   │           └── zipp [required: >=0.5, installed: 3.19.2]
│   │   └── typing_extensions [required: >=3.7.4, installed: 4.12.2]
│   └── requests [required: ~=2.7, installed: 2.32.3]
│       ├── certifi [required: >=2017.4.17, installed: 2024.6.2]
│       ├── charset-normalizer [required: >=2,<4, installed: 3.3.2]
│       ├── idna [required: >=2.5,<4, installed: 3.7]
│       └── urllib3 [required: >=1.21.1,<3, installed: 2.2.2]
├── opentelemetry-sdk [required: Any, installed: 1.25.0]
│   ├── opentelemetry-api [required: ==1.25.0, installed: 1.25.0]
│   │   ├── Deprecated [required: >=1.2.6, installed: 1.2.14]
│   │   │   └── wrapt [required: >=1.10,<2, installed: 1.16.0]
│   │   └── importlib_metadata [required: >=6.0,<=7.1, installed: 7.1.0]
│   │       └── zipp [required: >=0.5, installed: 3.19.2]
│   ├── opentelemetry-semantic-conventions [required: ==0.46b0, installed: 0.46b0]
│   │   └── opentelemetry-api [required: ==1.25.0, installed: 1.25.0]
│   │       ├── Deprecated [required: >=1.2.6, installed: 1.2.14]
│   │       │   └── wrapt [required: >=1.10,<2, installed: 1.16.0]
│   │       └── importlib_metadata [required: >=6.0,<=7.1, installed: 7.1.0]
│   │           └── zipp [required: >=0.5, installed: 3.19.2]
│   └── typing_extensions [required: >=3.7.4, installed: 4.12.2]
├── protobuf [required: Any, installed: 4.25.3]
├── typing_extensions [required: Any, installed: 4.12.2]
└── wipac-dev-tools [required: Any, installed: 1.10.6]
    ├── requests [required: Any, installed: 2.32.3]
    │   ├── certifi [required: >=2017.4.17, installed: 2024.6.2]
    │   ├── charset-normalizer [required: >=2,<4, installed: 3.3.2]
    │   ├── idna [required: >=2.5,<4, installed: 3.7]
    │   └── urllib3 [required: >=1.21.1,<3, installed: 2.2.2]
    └── typing_extensions [required: Any, installed: 4.12.2]
