#
# This file was autogenerated by WIPACrepo/wipac-dev-py-setup-action
#   from `pip install .[mypy]`
#   using Python 3.11.
#
########################################################################
#  pip freeze
########################################################################
aio-pika==9.4.0
aiormq==6.8.0
asyncstdlib==3.12.1
cachetools==5.3.3
certifi==2024.2.2
cffi==1.16.0
charset-normalizer==3.3.2
coloredlogs==15.0.1
cryptography==42.0.5
Deprecated==1.2.14
dnspython==2.6.1
ed25519==1.5
execnet==2.0.2
googleapis-common-protos==1.59.1
grpcio==1.62.1
humanfriendly==10.0
idna==3.6
importlib-metadata==6.11.0
iniconfig==2.0.0
ldap3==2.9.1
mock==5.1.0
motor==3.3.2
multidict==6.0.5
mypy==1.9.0
mypy-extensions==1.0.0
nats-py==2.7.2
nkeys==0.1.0
opentelemetry-api==1.23.0
opentelemetry-exporter-jaeger==1.21.0
opentelemetry-exporter-jaeger-proto-grpc==1.21.0
opentelemetry-exporter-jaeger-thrift==1.21.0
opentelemetry-exporter-otlp-proto-common==1.23.0
opentelemetry-exporter-otlp-proto-http==1.23.0
opentelemetry-proto==1.23.0
opentelemetry-sdk==1.23.0
opentelemetry-semantic-conventions==0.44b0
packaging==24.0
pamqp==3.3.0
pika==1.3.2
pluggy==1.4.0
protobuf==4.25.3
pulsar-client==3.4.0
pyasn1==0.5.1
pycparser==2.21
PyJWT==2.8.0
pymongo==4.6.2
pypng==0.20220715.0
pytest==8.1.1
pytest-asyncio==0.23.5.post1
pytest-mock==3.12.0
pytest-xdist==3.5.0
qrcode==7.4.2
requests==2.31.0
requests-futures==1.0.1
six==1.16.0
thrift==0.16.0
tornado==6.4
typing_extensions==4.10.0
Unidecode==1.3.8
urllib3==2.2.1
wipac-dev-tools==1.9.1
wipac-keycloak-rest-services==1.4.65
wipac-rest-tools==1.6.1
wipac-telemetry==0.3.0
wrapt==1.16.0
yarl==1.9.4
zipp==3.17.0
########################################################################
#  pipdeptree
########################################################################
asyncstdlib==3.12.1
cryptography==42.0.5
└── cffi [required: >=1.12, installed: 1.16.0]
    └── pycparser [required: Any, installed: 2.21]
mock==5.1.0
mypy==1.9.0
├── mypy-extensions [required: >=1.0.0, installed: 1.0.0]
└── typing_extensions [required: >=4.1.0, installed: 4.10.0]
nats-py==2.7.2
nkeys==0.1.0
└── ed25519 [required: Any, installed: 1.5]
oms-mqclient
└── wipac-dev-tools [required: Any, installed: 1.9.1]
    ├── requests [required: Any, installed: 2.31.0]
    │   ├── certifi [required: >=2017.4.17, installed: 2024.2.2]
    │   ├── charset-normalizer [required: >=2,<4, installed: 3.3.2]
    │   ├── idna [required: >=2.5,<4, installed: 3.6]
    │   └── urllib3 [required: >=1.21.1,<3, installed: 2.2.1]
    └── typing_extensions [required: Any, installed: 4.10.0]
pika==1.3.2
pip==24.0
pipdeptree==2.16.1
pulsar-client==3.4.0
└── certifi [required: Any, installed: 2024.2.2]
pytest-asyncio==0.23.5.post1
└── pytest [required: >=7.0.0,<9, installed: 8.1.1]
    ├── iniconfig [required: Any, installed: 2.0.0]
    ├── packaging [required: Any, installed: 24.0]
    └── pluggy [required: >=1.4,<2.0, installed: 1.4.0]
pytest-mock==3.12.0
└── pytest [required: >=5.0, installed: 8.1.1]
    ├── iniconfig [required: Any, installed: 2.0.0]
    ├── packaging [required: Any, installed: 24.0]
    └── pluggy [required: >=1.4,<2.0, installed: 1.4.0]
pytest-xdist==3.5.0
├── execnet [required: >=1.1, installed: 2.0.2]
└── pytest [required: >=6.2.0, installed: 8.1.1]
    ├── iniconfig [required: Any, installed: 2.0.0]
    ├── packaging [required: Any, installed: 24.0]
    └── pluggy [required: >=1.4,<2.0, installed: 1.4.0]
setuptools==65.5.1
wheel==0.42.0
wipac-keycloak-rest-services==1.4.65
├── aio-pika [required: Any, installed: 9.4.0]
│   ├── aiormq [required: >=6.8.0,<6.9.0, installed: 6.8.0]
│   │   ├── pamqp [required: ==3.3.0, installed: 3.3.0]
│   │   └── yarl [required: Any, installed: 1.9.4]
│   │       ├── idna [required: >=2.0, installed: 3.6]
│   │       └── multidict [required: >=4.0, installed: 6.0.5]
│   └── yarl [required: Any, installed: 1.9.4]
│       ├── idna [required: >=2.0, installed: 3.6]
│       └── multidict [required: >=4.0, installed: 6.0.5]
├── ldap3 [required: Any, installed: 2.9.1]
│   └── pyasn1 [required: >=0.4.6, installed: 0.5.1]
├── motor [required: Any, installed: 3.3.2]
│   └── pymongo [required: >=4.5,<5, installed: 4.6.2]
│       └── dnspython [required: >=1.16.0,<3.0.0, installed: 2.6.1]
├── requests [required: Any, installed: 2.31.0]
│   ├── certifi [required: >=2017.4.17, installed: 2024.2.2]
│   ├── charset-normalizer [required: >=2,<4, installed: 3.3.2]
│   ├── idna [required: >=2.5,<4, installed: 3.6]
│   └── urllib3 [required: >=1.21.1,<3, installed: 2.2.1]
├── Unidecode [required: Any, installed: 1.3.8]
├── wipac-dev-tools [required: Any, installed: 1.9.1]
│   ├── requests [required: Any, installed: 2.31.0]
│   │   ├── certifi [required: >=2017.4.17, installed: 2024.2.2]
│   │   ├── charset-normalizer [required: >=2,<4, installed: 3.3.2]
│   │   ├── idna [required: >=2.5,<4, installed: 3.6]
│   │   └── urllib3 [required: >=1.21.1,<3, installed: 2.2.1]
│   └── typing_extensions [required: Any, installed: 4.10.0]
└── wipac-rest-tools [required: Any, installed: 1.6.1]
    ├── cachetools [required: Any, installed: 5.3.3]
    ├── PyJWT [required: !=2.6.0, installed: 2.8.0]
    ├── qrcode [required: Any, installed: 7.4.2]
    │   ├── pypng [required: Any, installed: 0.20220715.0]
    │   └── typing_extensions [required: Any, installed: 4.10.0]
    ├── requests [required: Any, installed: 2.31.0]
    │   ├── certifi [required: >=2017.4.17, installed: 2024.2.2]
    │   ├── charset-normalizer [required: >=2,<4, installed: 3.3.2]
    │   ├── idna [required: >=2.5,<4, installed: 3.6]
    │   └── urllib3 [required: >=1.21.1,<3, installed: 2.2.1]
    ├── requests-futures [required: Any, installed: 1.0.1]
    │   └── requests [required: >=1.2.0, installed: 2.31.0]
    │       ├── certifi [required: >=2017.4.17, installed: 2024.2.2]
    │       ├── charset-normalizer [required: >=2,<4, installed: 3.3.2]
    │       ├── idna [required: >=2.5,<4, installed: 3.6]
    │       └── urllib3 [required: >=1.21.1,<3, installed: 2.2.1]
    ├── tornado [required: Any, installed: 6.4]
    ├── urllib3 [required: >=2.0.4, installed: 2.2.1]
    └── wipac-dev-tools [required: Any, installed: 1.9.1]
        ├── requests [required: Any, installed: 2.31.0]
        │   ├── certifi [required: >=2017.4.17, installed: 2024.2.2]
        │   ├── charset-normalizer [required: >=2,<4, installed: 3.3.2]
        │   ├── idna [required: >=2.5,<4, installed: 3.6]
        │   └── urllib3 [required: >=1.21.1,<3, installed: 2.2.1]
        └── typing_extensions [required: Any, installed: 4.10.0]
wipac-telemetry==0.3.0
├── coloredlogs [required: Any, installed: 15.0.1]
│   └── humanfriendly [required: >=9.1, installed: 10.0]
├── opentelemetry-api [required: Any, installed: 1.23.0]
│   ├── Deprecated [required: >=1.2.6, installed: 1.2.14]
│   │   └── wrapt [required: >=1.10,<2, installed: 1.16.0]
│   └── importlib-metadata [required: >=6.0,<7.0, installed: 6.11.0]
│       └── zipp [required: >=0.5, installed: 3.17.0]
├── opentelemetry-exporter-jaeger [required: Any, installed: 1.21.0]
│   ├── opentelemetry-exporter-jaeger-proto-grpc [required: ==1.21.0, installed: 1.21.0]
│   │   ├── googleapis-common-protos [required: ~=1.52,<1.60.0, installed: 1.59.1]
│   │   │   └── protobuf [required: >=3.19.5,<5.0.0.dev0,!=4.21.5,!=4.21.4,!=4.21.3,!=4.21.2,!=4.21.1,!=3.20.1,!=3.20.0, installed: 4.25.3]
│   │   ├── grpcio [required: >=1.0.0,<2.0.0, installed: 1.62.1]
│   │   ├── opentelemetry-api [required: ~=1.3, installed: 1.23.0]
│   │   │   ├── Deprecated [required: >=1.2.6, installed: 1.2.14]
│   │   │   │   └── wrapt [required: >=1.10,<2, installed: 1.16.0]
│   │   │   └── importlib-metadata [required: >=6.0,<7.0, installed: 6.11.0]
│   │   │       └── zipp [required: >=0.5, installed: 3.17.0]
│   │   └── opentelemetry-sdk [required: ~=1.11, installed: 1.23.0]
│   │       ├── opentelemetry-api [required: ==1.23.0, installed: 1.23.0]
│   │       │   ├── Deprecated [required: >=1.2.6, installed: 1.2.14]
│   │       │   │   └── wrapt [required: >=1.10,<2, installed: 1.16.0]
│   │       │   └── importlib-metadata [required: >=6.0,<7.0, installed: 6.11.0]
│   │       │       └── zipp [required: >=0.5, installed: 3.17.0]
│   │       ├── opentelemetry-semantic-conventions [required: ==0.44b0, installed: 0.44b0]
│   │       └── typing_extensions [required: >=3.7.4, installed: 4.10.0]
│   └── opentelemetry-exporter-jaeger-thrift [required: ==1.21.0, installed: 1.21.0]
│       ├── opentelemetry-api [required: ~=1.3, installed: 1.23.0]
│       │   ├── Deprecated [required: >=1.2.6, installed: 1.2.14]
│       │   │   └── wrapt [required: >=1.10,<2, installed: 1.16.0]
│       │   └── importlib-metadata [required: >=6.0,<7.0, installed: 6.11.0]
│       │       └── zipp [required: >=0.5, installed: 3.17.0]
│       ├── opentelemetry-sdk [required: ~=1.11, installed: 1.23.0]
│       │   ├── opentelemetry-api [required: ==1.23.0, installed: 1.23.0]
│       │   │   ├── Deprecated [required: >=1.2.6, installed: 1.2.14]
│       │   │   │   └── wrapt [required: >=1.10,<2, installed: 1.16.0]
│       │   │   └── importlib-metadata [required: >=6.0,<7.0, installed: 6.11.0]
│       │   │       └── zipp [required: >=0.5, installed: 3.17.0]
│       │   ├── opentelemetry-semantic-conventions [required: ==0.44b0, installed: 0.44b0]
│       │   └── typing_extensions [required: >=3.7.4, installed: 4.10.0]
│       └── thrift [required: >=0.10.0, installed: 0.16.0]
│           └── six [required: >=1.7.2, installed: 1.16.0]
├── opentelemetry-exporter-otlp-proto-http [required: Any, installed: 1.23.0]
│   ├── Deprecated [required: >=1.2.6, installed: 1.2.14]
│   │   └── wrapt [required: >=1.10,<2, installed: 1.16.0]
│   ├── googleapis-common-protos [required: ~=1.52, installed: 1.59.1]
│   │   └── protobuf [required: >=3.19.5,<5.0.0.dev0,!=4.21.5,!=4.21.4,!=4.21.3,!=4.21.2,!=4.21.1,!=3.20.1,!=3.20.0, installed: 4.25.3]
│   ├── opentelemetry-api [required: ~=1.15, installed: 1.23.0]
│   │   ├── Deprecated [required: >=1.2.6, installed: 1.2.14]
│   │   │   └── wrapt [required: >=1.10,<2, installed: 1.16.0]
│   │   └── importlib-metadata [required: >=6.0,<7.0, installed: 6.11.0]
│   │       └── zipp [required: >=0.5, installed: 3.17.0]
│   ├── opentelemetry-exporter-otlp-proto-common [required: ==1.23.0, installed: 1.23.0]
│   │   └── opentelemetry-proto [required: ==1.23.0, installed: 1.23.0]
│   │       └── protobuf [required: >=3.19,<5.0, installed: 4.25.3]
│   ├── opentelemetry-proto [required: ==1.23.0, installed: 1.23.0]
│   │   └── protobuf [required: >=3.19,<5.0, installed: 4.25.3]
│   ├── opentelemetry-sdk [required: ~=1.23.0, installed: 1.23.0]
│   │   ├── opentelemetry-api [required: ==1.23.0, installed: 1.23.0]
│   │   │   ├── Deprecated [required: >=1.2.6, installed: 1.2.14]
│   │   │   │   └── wrapt [required: >=1.10,<2, installed: 1.16.0]
│   │   │   └── importlib-metadata [required: >=6.0,<7.0, installed: 6.11.0]
│   │   │       └── zipp [required: >=0.5, installed: 3.17.0]
│   │   ├── opentelemetry-semantic-conventions [required: ==0.44b0, installed: 0.44b0]
│   │   └── typing_extensions [required: >=3.7.4, installed: 4.10.0]
│   └── requests [required: ~=2.7, installed: 2.31.0]
│       ├── certifi [required: >=2017.4.17, installed: 2024.2.2]
│       ├── charset-normalizer [required: >=2,<4, installed: 3.3.2]
│       ├── idna [required: >=2.5,<4, installed: 3.6]
│       └── urllib3 [required: >=1.21.1,<3, installed: 2.2.1]
├── opentelemetry-sdk [required: Any, installed: 1.23.0]
│   ├── opentelemetry-api [required: ==1.23.0, installed: 1.23.0]
│   │   ├── Deprecated [required: >=1.2.6, installed: 1.2.14]
│   │   │   └── wrapt [required: >=1.10,<2, installed: 1.16.0]
│   │   └── importlib-metadata [required: >=6.0,<7.0, installed: 6.11.0]
│   │       └── zipp [required: >=0.5, installed: 3.17.0]
│   ├── opentelemetry-semantic-conventions [required: ==0.44b0, installed: 0.44b0]
│   └── typing_extensions [required: >=3.7.4, installed: 4.10.0]
├── protobuf [required: Any, installed: 4.25.3]
├── typing_extensions [required: Any, installed: 4.10.0]
└── wipac-dev-tools [required: Any, installed: 1.9.1]
    ├── requests [required: Any, installed: 2.31.0]
    │   ├── certifi [required: >=2017.4.17, installed: 2024.2.2]
    │   ├── charset-normalizer [required: >=2,<4, installed: 3.3.2]
    │   ├── idna [required: >=2.5,<4, installed: 3.6]
    │   └── urllib3 [required: >=1.21.1,<3, installed: 2.2.1]
    └── typing_extensions [required: Any, installed: 4.10.0]
